2024-03-04 13:38:09|   0.0|  0.0|INFORM|Current FME version: FME 2023.2.0.0 (20231201 - Build 23764 - WIN64)
2024-03-04 13:38:09|   0.0|  0.0|INFORM|System Time: 20240304183810 UTC
2024-03-04 13:38:09|   0.0|  0.0|INFORM|FME_HOME is 'C:\Program Files\FME\'
2024-03-04 13:38:09|   0.0|  0.0|INFORM|FME Form (floating), FME for April (node locked-crc)
2024-03-04 13:38:09|   0.0|  0.0|INFORM|Serial Number: 0
2024-03-04 13:38:09|   0.0|  0.0|INFORM|Temporary License: 59 days left.
2024-03-04 13:38:09|   0.0|  0.0|INFORM|Machine host name is: VP1381449
2024-03-04 13:38:09|   0.0|  0.0|INFORM|OS Locale Name     : fr_CA
2024-03-04 13:38:09|   0.0|  0.0|INFORM|OS Locale Encoding : windows-1252
2024-03-04 13:38:09|   0.0|  0.0|INFORM|Process Encoding   : UTF-8
2024-03-04 13:38:09|   0.0|  0.0|INFORM|FME API version: '4.0 20230426'
2024-03-04 13:38:09|   0.0|  0.0|INFORM|FME Configuration: FME_BASE is 'no'
2024-03-04 13:38:09|   0.0|  0.0|INFORM|FME Configuration: FME_MF_DIR is 'C:\20230622_VP1355702-YoussefSmadi\Bureau\All\Ville de Montréal\DESS-SIG-UQAM\Hiver 2024\Geo7630\TP2/'
2024-03-04 13:38:09|   0.0|  0.0|INFORM|FME Configuration: FME_MF_NAME is 'tp2.fmw'
2024-03-04 13:38:09|   0.0|  0.0|INFORM|FME Configuration: FME_PRODUCT_NAME is 'FME(R) 2023.2.0.0'
2024-03-04 13:38:09|   0.0|  0.0|INFORM|Operating System: Microsoft Windows 10 64-bit  (Build 19045)
2024-03-04 13:38:09|   0.0|  0.0|INFORM|FME Platform: WIN64
2024-03-04 13:38:09|   0.0|  0.0|INFORM|System Status: 13.40 GB of disk space available in the FME temporary folder (C:\Users\usmadyo\AppData\Local\Temp\wbrun_1709562752534_24780\fmetmp_b)
2024-03-04 13:38:09|   0.0|  0.0|WARN  |Failed to free sufficient memory to reach the process usage limit. To improve stability and performance please increase the memory available to FME. Available memory can be increased by adding physical RAM, increasing swap space, or closing other applications
2024-03-04 13:38:09|   0.0|  0.0|INFORM|System Status: 15.69 GB of physical memory available
2024-03-04 13:38:09|   0.0|  0.0|INFORM|System Status: 62.77 GB of virtual memory available
2024-03-04 13:38:09|   0.0|  0.0|INFORM|START - ProcessID: 2320, peak process memory usage: 46456 kB, current process memory usage: 46456 kB
2024-03-04 13:38:09|   0.0|  0.0|INFORM|FME Configuration: Command line arguments are `C:\Program Files\FME\fme.exe' `C:\20230622_VP1355702-YoussefSmadi\Bureau\All\Ville de Montréal\DESS-SIG-UQAM\Hiver 2024\Geo7630\TP2\wb-xlate-1709577486456_24780' `LOG_STANDARDOUT' `YES' `LOG_TIMINGS' `YES' `LogCountServerName' `50440' `LOG_STANDARDOUT' `No' `WORKBENCH_LOG_SERVER' `61961'
2024-03-04 13:38:09|   0.0|  0.0|INFORM|FME Configuration: Connection Storage: 'C:\Users\usmadyo\AppData\Roaming\Safe Software\FME\'
2024-03-04 13:38:09|   0.0|  0.0|INFORM|Shared folders for formats are : C:\Program Files\FME\datasources;C:\Users\usmadyo\Documents\FME\Formats
2024-03-04 13:38:09|   0.0|  0.0|INFORM|Shared folders for transformers are : C:\Users\usmadyo\AppData\Roaming\Safe Software\FME\Packages\23764-win64\transformers;C:\Program Files\FME\transformers;C:\Users\usmadyo\AppData\Roaming\Safe Software\FME\FME Store\Transformers
2024-03-04 13:38:09|   0.0|  0.0|INFORM|Shared folders for coordinate systems are : C:\Users\usmadyo\Documents\FME\CoordinateSystems
2024-03-04 13:38:09|   0.0|  0.0|INFORM|Shared folders for coordinate system exceptions are : C:\Users\usmadyo\Documents\FME\CoordinateSystemExceptions
2024-03-04 13:38:09|   0.0|  0.0|INFORM|Shared folders for coordinate system grid overrides are : C:\Users\usmadyo\Documents\FME\CoordinateSystemGridOverrides
2024-03-04 13:38:09|   0.0|  0.0|INFORM|Shared folders for CS-MAP transformation exceptions are : C:\Users\usmadyo\Documents\FME\CsmapTransformationExceptions
2024-03-04 13:38:09|   0.0|  0.0|INFORM|Shared folders for transformer categories are : C:\Users\usmadyo\Documents\FME\TransformerCategories
2024-03-04 13:38:09|   0.0|  0.0|INFORM|FME Configuration: Reader Keyword is `MULTI_READER'
2024-03-04 13:38:09|   0.0|  0.0|INFORM|FME Configuration: Writer Keyword is `PRIMARY_DEST'
2024-03-04 13:38:09|   0.0|  0.0|INFORM|FME Configuration: Writer Group Definition Keyword is `PRIMARY_DEST_DEF'
2024-03-04 13:38:09|   0.0|  0.0|INFORM|FME Configuration: Reader type is `MULTI_READER'
2024-03-04 13:38:09|   0.0|  0.0|INFORM|FME Configuration: Writer type is `MULTI_WRITER'
2024-03-04 13:38:09|   0.0|  0.0|INFORM|FME Configuration: No destination coordinate system set
2024-03-04 13:38:09|   0.0|  0.0|INFORM|FME Configuration: Current working folder is `C:\20230622_VP1355702-YoussefSmadi\Bureau\All\Ville de Montréal\DESS-SIG-UQAM\Hiver 2024\Geo7630\TP2'
2024-03-04 13:38:09|   0.0|  0.0|INFORM|FME Configuration: Temporary folder is `C:\Users\usmadyo\AppData\Local\Temp\wbrun_1709562752534_24780\fmetmp_b', set from environment variable `FME_TEMP'
2024-03-04 13:38:09|   0.0|  0.0|INFORM|FME Configuration: Cache folder is 'C:\Users\usmadyo\AppData\Local\Temp'
2024-03-04 13:38:09|   0.0|  0.0|INFORM|FME Configuration: FME_HOME is `C:\Program Files\FME\'
2024-03-04 13:38:09|   0.0|  0.0|WARN  |FME Configuration: Extremely low initial memory conditions detected. To improve stability and performance please increase the memory available to FME. Available memory can be increased by adding physical RAM, increasing swap space, or closing other applications
2024-03-04 13:38:09|   0.0|  0.0|INFORM|Creating writer for format: 
2024-03-04 13:38:09|   0.0|  0.0|INFORM|Creating reader for format: 
2024-03-04 13:38:09|   0.0|  0.0|INFORM|MULTI_READER(MULTI_READER): Will fail with first member reader failure
2024-03-04 13:38:09|   0.0|  0.0|INFORM|Using Multi Reader with keyword `MULTI_READER' to read multiple datasets
2024-03-04 13:38:09|   0.0|  0.0|INFORM|Using MultiWriter with keyword `PRIMARY_DEST' to output data (ID_ATTRIBUTE is `multi_writer_id')
2024-03-04 13:38:09|   0.0|  0.0|INFORM|Writer output will be ordered by value of multi_writer_id
2024-03-04 13:38:09|   0.0|  0.0|INFORM|Loaded module 'LogCount_func' from file 'C:\Program Files\FME\plugins/LogCount_func.dll'
2024-03-04 13:38:09|   0.0|  0.0|INFORM|FME API version of module 'LogCount_func' matches current internal version (4.0 20230426)
2024-03-04 13:38:09|   0.0|  0.0|INFORM|Emptying factory pipeline
2024-03-04 13:38:09|   0.0|  0.0|STATS |Router and Unexpected Input Remover (RoutingFactory): Tested 0 input feature(s), wrote 0 output feature(s): 0 matched merge filters, 0 were routed to output, 0 could not be routed.
2024-03-04 13:38:09|   0.0|  0.0|STATS |Unwanted Router Input Nuker (TeeFactory): Cloned 0 input feature(s) into 0 output feature(s)
2024-03-04 13:38:09|   0.0|  0.0|STATS |CSV_CSV2_1 Splitter (TeeFactory): Cloned 0 input feature(s) into 0 output feature(s)
2024-03-04 13:38:09|   0.0|  0.0|STATS |CSV_CSV2_8 Splitter (TeeFactory): Cloned 0 input feature(s) into 0 output feature(s)
2024-03-04 13:38:09|   0.0|  0.0|STATS |CSV_CSV2_9 Splitter (TeeFactory): Cloned 0 input feature(s) into 0 output feature(s)
2024-03-04 13:38:09|   0.0|  0.0|STATS |rsqa_secteurs_4326_GEOJSON_1 Splitter (TeeFactory): Cloned 0 input feature(s) into 0 output feature(s)
2024-03-04 13:38:09|   0.0|  0.0|STATS |Ortho2022_mosaique_2022_SCRS.ecw_WMS_2 Splitter (TeeFactory): Cloned 0 input feature(s) into 0 output feature(s)
2024-03-04 13:38:09|   0.0|  0.0|STATS |LAS_LAS_1 Splitter (TeeFactory): Cloned 0 input feature(s) into 0 output feature(s)
2024-03-04 13:38:09|   0.0|  0.0|STATS |canopee-2019_GEOJSON_2 Splitter (TeeFactory): Cloned 0 input feature(s) into 0 output feature(s)
2024-03-04 13:38:09|   0.0|  0.0|STATS |CARTO-BAT-COTE_SHAPEFILE_2 Splitter (TeeFactory): Cloned 0 input feature(s) into 0 output feature(s)
2024-03-04 13:38:09|   0.0|  0.0|STATS |CARTO-BAT-TOIT_SHAPEFILE_2 Splitter (TeeFactory): Cloned 0 input feature(s) into 0 output feature(s)
2024-03-04 13:38:09|   0.0|  0.0|STATS |GEOTIFF_GEOTIFF_1 Splitter (TeeFactory): Cloned 0 input feature(s) into 0 output feature(s)
2024-03-04 13:38:09|   0.0|  0.0|STATS |Restoring 52 feature(s) from FME feature store file `C:\Users\usmadyo\AppData\Local\Temp\wb-cache-tp2-FuyrxQ\Main_AttributeRangeMapper_3 -1 216 fo 0 OUTPUT  0  9a8ec360fc29cc5c69f904f179f8c0b5136c73a8.ffs'
2024-03-04 13:38:10|   0.0|  0.0|STATS |Destination Feature Type Routing Correlator (RoutingFactory): Tested 52 input feature(s), wrote 52 output feature(s): 0 matched merge filters, 52 were routed to output, 0 could not be routed.
2024-03-04 13:38:10|   0.0|  0.0|STATS |Final Output Nuker (TeeFactory): Cloned 0 input feature(s) into 0 output feature(s)
2024-03-04 13:38:10|   0.1|  0.1|INFORM|MULTI_WRITER: multi_writer_id `6': Started outputting features
2024-03-04 13:38:10|   0.1|  0.0|INFORM|FME Configuration: Using connection values from 'GEO7630' for POSTGIS_8
2024-03-04 13:38:10|   0.1|  0.0|INFORM|Creating writer for format: PostGIS
2024-03-04 13:38:10|   0.2|  0.1|INFORM|Trying to find a DYNAMIC plugin for writer named `POSTGIS'
2024-03-04 13:38:10|   0.2|  0.0|INFORM|Loaded module 'POSTGIS' from file 'C:\Program Files\FME\plugins/POSTGIS.dll'
2024-03-04 13:38:10|   0.2|  0.0|INFORM|FME API version of module 'POSTGIS' matches current internal version (4.0 20230426)
2024-03-04 13:38:10|   0.2|  0.0|INFORM|FME Configuration: No destination coordinate system set
2024-03-04 13:38:10|   0.2|  0.0|INFORM|Writer `POSTGIS_8' of type `POSTGIS' using group definition keyword `POSTGIS_8_DEF'
2024-03-04 13:38:10|   0.2|  0.0|INFORM|Opening POSTGIS writer for dataset 'GEO7630H24'...
2024-03-04 13:38:10|   0.2|  0.0|INFORM|PostGIS client encoding: 'UTF8'
2024-03-04 13:38:11|   0.2|  0.0|INFORM|PostgreSQL 13.13 on x86_64-pc-linux-gnu, compiled by gcc (GCC) 7.3.1 20180712 (Red Hat 7.3.1-12), 64-bit
2024-03-04 13:38:11|   0.2|  0.0|INFORM|3.4 USE_GEOS=1 USE_PROJ=1 USE_STATS=1
2024-03-04 13:38:11|   0.4|  0.2|INFORM|Testing for the existence of table 'KA791969.rsqa_IQA_secteur_3857'...
2024-03-04 13:38:12|   0.4|  0.0|INFORM|Dropping existing table 'KA791969.rsqa_IQA_secteur_3857'...
2024-03-04 13:38:12|   0.4|  0.0|INFORM|Creating table 'KA791969.rsqa_IQA_secteur_3857'...
2024-03-04 13:38:12|   0.4|  0.0|INFORM|POSTGIS Writer: Creating 'unquoted WKB' geometry processor for feature type 'KA791969.rsqa_IQA_secteur_3857'
2024-03-04 13:38:12|   0.4|  0.0|INFORM|POSTGIS Writer: Creating 'streaming Bulk Copy' feature type processor for feature type 'KA791969.rsqa_IQA_secteur_3857'
2024-03-04 13:38:12|   0.4|  0.0|INFORM|Creating 'GIST' index on column "geom" of table 'KA791969.rsqa_IQA_secteur_3857'...
2024-03-04 13:38:12|   0.4|  0.0|INFORM|Successfully closed POSTGIS database writer
2024-03-04 13:38:12|   0.4|  0.0|INFORM|=-=-=-=-=-=-=-=-=-=-=-=-=-=-=-=-=-=-=-=-=-=-=-=-=-=-=-=-=-=-=-=-=-=-=-=-=-=-=-
2024-03-04 13:38:12|   0.4|  0.0|INFORM|Feature output statistics for `POSTGIS' writer using keyword `POSTGIS_8':
2024-03-04 13:38:12|   0.4|  0.0|STATS |=-=-=-=-=-=-=-=-=-=-=-=-=-=-=-=-=-=-=-=-=-=-=-=-=-=-=-=-=-=-=-=-=-=-=-=-=-=-=-
2024-03-04 13:38:12|   0.4|  0.0|STATS |                               Features Written
2024-03-04 13:38:12|   0.4|  0.0|STATS |=-=-=-=-=-=-=-=-=-=-=-=-=-=-=-=-=-=-=-=-=-=-=-=-=-=-=-=-=-=-=-=-=-=-=-=-=-=-=-
2024-03-04 13:38:12|   0.4|  0.0|STATS |KA791969.rsqa_IQA_secteur_3857                                              52
2024-03-04 13:38:12|   0.4|  0.0|STATS |==============================================================================
2024-03-04 13:38:12|   0.4|  0.0|STATS |Total Features Written                                                      52
2024-03-04 13:38:12|   0.4|  0.0|STATS |=-=-=-=-=-=-=-=-=-=-=-=-=-=-=-=-=-=-=-=-=-=-=-=-=-=-=-=-=-=-=-=-=-=-=-=-=-=-=-
2024-03-04 13:38:12|   0.4|  0.0|INFORM|MULTI_WRITER: multi_writer_id `6': done writing 52 feature(s) 
2024-03-04 13:38:12|   0.4|  0.0|INFORM|^^^^^^^^^^^^^^^^^^^^^^^^^^^^^^^^^^^^^^^^^^^^^^^^^^^^^^^^^^^^^^^^^^^^^^^^^^^^^^
2024-03-04 13:38:12|   0.4|  0.0|STATS |=-=-=-=-=-=-=-=-=-=-=-=-=-=-=-=-=-=-=-=-=-=-=-=-=-=-=-=-=-=-=-=-=-=-=-=-=-=-=-
2024-03-04 13:38:12|   0.4|  0.0|STATS |                            Features Read Summary
2024-03-04 13:38:12|   0.4|  0.0|STATS |=-=-=-=-=-=-=-=-=-=-=-=-=-=-=-=-=-=-=-=-=-=-=-=-=-=-=-=-=-=-=-=-=-=-=-=-=-=-=-
2024-03-04 13:38:12|   0.4|  0.0|STATS |==============================================================================
2024-03-04 13:38:12|   0.4|  0.0|STATS |Total Features Read                                                          0
2024-03-04 13:38:12|   0.4|  0.0|STATS |=-=-=-=-=-=-=-=-=-=-=-=-=-=-=-=-=-=-=-=-=-=-=-=-=-=-=-=-=-=-=-=-=-=-=-=-=-=-=-
2024-03-04 13:38:12|   0.4|  0.0|STATS |=-=-=-=-=-=-=-=-=-=-=-=-=-=-=-=-=-=-=-=-=-=-=-=-=-=-=-=-=-=-=-=-=-=-=-=-=-=-=-
2024-03-04 13:38:12|   0.4|  0.0|STATS |                           Features Written Summary
2024-03-04 13:38:12|   0.4|  0.0|STATS |=-=-=-=-=-=-=-=-=-=-=-=-=-=-=-=-=-=-=-=-=-=-=-=-=-=-=-=-=-=-=-=-=-=-=-=-=-=-=-
2024-03-04 13:38:12|   0.4|  0.0|STATS |KA791969.rsqa_IQA_secteur_3857                                              52
2024-03-04 13:38:12|   0.4|  0.0|STATS |==============================================================================
2024-03-04 13:38:12|   0.4|  0.0|STATS |Total Features Written                                                      52
2024-03-04 13:38:12|   0.4|  0.0|STATS |=-=-=-=-=-=-=-=-=-=-=-=-=-=-=-=-=-=-=-=-=-=-=-=-=-=-=-=-=-=-=-=-=-=-=-=-=-=-=-
2024-03-04 13:38:12|   0.4|  0.0|WARN  |-~-~-~-~-~-~-~-~-~-~-~-~-~-~-~-~-~-~-~-~-~-~-~-~-~-~-~-~-~-~-~-~-~-~-~-~-~-~-~-~-
2024-03-04 13:38:12|   0.4|  0.0|WARN  |-~                                                                             ~-
2024-03-04 13:38:12|   0.4|  0.0|WARN  |-~    Feature caches have been recorded at every stage of the translation.     ~-
2024-03-04 13:38:12|   0.4|  0.0|WARN  |-~                      To inspect the recorded features,                      ~-
2024-03-04 13:38:12|   0.4|  0.0|WARN  |-~              click the feature cache icons next to the ports.               ~-
2024-03-04 13:38:12|   0.4|  0.0|WARN  |-~                                                                             ~-
2024-03-04 13:38:12|   0.4|  0.0|WARN  |-~-~-~-~-~-~-~-~-~-~-~-~-~-~-~-~-~-~-~-~-~-~-~-~-~-~-~-~-~-~-~-~-~-~-~-~-~-~-~-~-
2024-03-04 13:38:12|   0.4|  0.0|INFORM|Translation was SUCCESSFUL with 9 warning(s) (52 feature(s) output)
2024-03-04 13:38:12|   0.4|  0.0|INFORM|FME Session Duration: 3.3 seconds. (CPU: 0.2s user, 0.2s system)
2024-03-04 13:38:12|   0.4|  0.0|INFORM|END - ProcessID: 2320, peak process memory usage: 97832 kB, current process memory usage: 96528 kB
